Graph[0][0]: 0
Graph[0][1]: 3
Graph[0][2]: 2
Graph[1][0]: 3
Graph[1][1]: 0
Graph[1][2]: -1
Graph[2][0]: 2
Graph[2][1]: -1
Graph[2][2]: 0
Graph[0][0]: 0
Graph[0][1]: -1
Graph[0][2]: -1
Graph[0][3]: -1
Graph[0][4]: -1
Graph[1][0]: -1
Graph[1][1]: 0
Graph[1][2]: -1
Graph[1][3]: 20
Graph[1][4]: 15
Graph[2][0]: -1
Graph[2][1]: -1
Graph[2][2]: 13
Graph[2][3]: 16
Graph[2][4]: -1
Graph[3][0]: -1
Graph[3][1]: 20
Graph[3][2]: 16
Graph[3][3]: 0
Graph[3][4]: -1
Graph[4][0]: -1
Graph[4][1]: 15
Graph[4][2]: -1
Graph[4][3]: -1
Graph[4][4]: 0
